<?xml version="1.0" encoding="UTF-8"?>
<!-- Generated by org.testng.reporters.JUnitReportReporter -->
<testsuite hostname="LAPTOP-Q2M17KTP" failures="0" tests="1" name="excercise.Appium_Framework.NoBrokerLaunch" time="178.703" errors="0" timestamp="2021-02-03T14:15:07 IST" skipped="0">
  <testcase classname="excercise.Appium_Framework.NoBrokerLaunch" name="nobroker" time="178.703"/>
  <system-out/>
</testsuite> <!-- excercise.Appium_Framework.NoBrokerLaunch -->
