<?xml version="1.0" encoding="UTF-8"?>
<!-- Generated by org.testng.reporters.JUnitReportReporter -->
<testsuite hostname="LAPTOP-Q2M17KTP" failures="0" tests="2" name="excercise.Appium_Framework.Ecommerce_TC03" time="155.912" errors="0" timestamp="2021-02-02T15:25:45 IST" skipped="0">
  <testcase classname="excercise.Appium_Framework.Ecommerce_TC03" name="totalvalidation" time="58.750"/>
  <system-out/>
  <testcase classname="excercise.Appium_Framework.Ecommerce_TC03" name="totalvalidation" time="97.162"/>
  <system-out/>
</testsuite> <!-- excercise.Appium_Framework.Ecommerce_TC03 -->
